C:/qp-dev/qpcpp/doxygen/api.dox:312: warning: unable to resolve reference to 'qs' for \ref command
C:/qp-dev/qpcpp/ports/sample/qf_port.hpp:215: warning: explicit link request to 'QEQueue' could not be resolved
C:/qp-dev/qpcpp/ports/sample/qep_port.hpp:39: warning: explicit link request to 'QSignal' could not be resolved
C:/qp-dev/qpcpp/ports/sample/qep_port.hpp:52: warning: unable to resolve reference to 'PQA01_4' for \ref command
C:/qp-dev/qpcpp/ports/sample/qf_port.hpp:215: warning: explicit link request to 'QEQueue' could not be resolved
C:/qp-dev/qpcpp/ports/sample/qf_port.hpp:48: warning: explicit link request to 'QTimeEvt' could not be resolved
C:/qp-dev/qpcpp/ports/sample/qf_port.hpp:218: warning: explicit link request to 'QEQueue' could not be resolved
C:/qp-dev/qpcpp/doxygen/gs.dox:72: warning: unable to resolve reference to 'gs_over' for \ref command
C:/qp-dev/qpcpp/doxygen/gs.dox:96: warning: unable to resolve reference to 'gs_over' for \ref command
C:/qp-dev/qpcpp/doxygen/gs.dox:338: warning: explicit link request to 'QXThread' could not be resolved
C:/qp-dev/cert-pack/srs.dox:329: warning: unable to resolve reference to 'src_sm_impl' for \ref command
C:/qp-dev/cert-pack/srs.dox:335: warning: unable to resolve reference to 'srs_intro_inv' for \ref command
C:/qp-dev/cert-pack/srs.dox:415: warning: unable to resolve reference to 'srs_5' for \ref command
C:/qp-dev/cert-pack/srs.dox:503: warning: unable to resolve reference to 'srs_5' for \ref command
C:/qp-dev/cert-pack/srs.dox:529: warning: unable to resolve reference to 'srs_5' for \ref command
C:/qp-dev/cert-pack/srs.dox:904: warning: image file qv.png is not found in IMAGE_PATH: assuming external image.
C:/qp-dev/cert-pack/srs.dox:905: warning: image file qv.png is not found in IMAGE_PATH: assuming external image.
C:/qp-dev/cert-pack/srs.dox:1001: warning: unable to resolve reference to 'srs_qxk_basic' for \ref command
C:/qp-dev/cert-pack/srs.dox:1001: warning: unable to resolve reference to 'srs_qxk_extended' for \ref command
C:/qp-dev/cert-pack/srs.dox:1003: warning: unable to resolve reference to 'srs_qxk_basic' for \ref command
C:/qp-dev/cert-pack/srs.dox:1003: warning: unable to resolve reference to 'srs_qxk_extended' for \ref command
C:/qp-dev/cert-pack/srs.dox:1023: warning: unable to resolve reference to 'srs_qxk_activate_()' for \ref command
C:/qp-dev/cert-pack/srs.dox:1023: warning: unable to resolve reference to 'srs_qxk_extended' for \ref command
C:/qp-dev/cert-pack/srs.dox:1035: warning: explicit link request to 'QXThread' could not be resolved
C:/qp-dev/cert-pack/srs.dox:1081: warning: unable to resolve reference to 'srs_qxk_tls' for \ref command
C:/qp-dev/cert-pack/sas.dox:36: warning: unexpected token TK_EOF as the argument of ref
C:/qp-dev/cert-pack/sas.dox:83: warning: explicit link request to 'QEvt' could not be resolved
C:/qp-dev/cert-pack/sas.dox:86: warning: explicit link request to 'QEvt' could not be resolved
C:/qp-dev/cert-pack/sas.dox:86: warning: explicit link request to 'QEvt' could not be resolved
C:/qp-dev/cert-pack/sas.dox:93: warning: explicit link request to 'QHsm' could not be resolved
C:/qp-dev/cert-pack/sas.dox:96: warning: explicit link request to 'QHsm' could not be resolved
C:/qp-dev/cert-pack/sas.dox:97: warning: explicit link request to 'QHsm' could not be resolved
C:/qp-dev/cert-pack/sas.dox:97: warning: explicit link request to 'QMsm' could not be resolved
C:/qp-dev/cert-pack/sas.dox:104: warning: explicit link request to 'QActive' could not be resolved
C:/qp-dev/cert-pack/sas.dox:107: warning: explicit link request to 'QActive' could not be resolved
C:/qp-dev/cert-pack/sas.dox:107: warning: explicit link request to 'QHsm' could not be resolved
C:/qp-dev/cert-pack/sas.dox:107: warning: explicit link request to 'QMsm' could not be resolved
C:/qp-dev/cert-pack/sas.dox:107: warning: unable to resolve reference to 'game' for \ref command
C:/qp-dev/cert-pack/sas.dox:107: warning: explicit link request to 'QActive' could not be resolved
C:/qp-dev/cert-pack/sas.dox:107: warning: explicit link request to 'QHsm' could not be resolved
C:/qp-dev/cert-pack/sas.dox:110: warning: explicit link request to 'QMsm' could not be resolved
C:/qp-dev/cert-pack/sas.dox:113: warning: explicit link request to 'QMsm' could not be resolved
C:/qp-dev/cert-pack/sas.dox:113: warning: explicit link request to 'QHsm' could not be resolved
C:/qp-dev/cert-pack/sas.dox:120: warning: explicit link request to 'QMActive' could not be resolved
C:/qp-dev/cert-pack/sas.dox:123: warning: explicit link request to 'QMActive' could not be resolved
C:/qp-dev/cert-pack/sas.dox:123: warning: explicit link request to 'QMsm' could not be resolved
C:/qp-dev/cert-pack/sas.dox:123: warning: explicit link request to 'QHsm' could not be resolved
C:/qp-dev/cert-pack/sas.dox:126: warning: explicit link request to 'QTimeEvt' could not be resolved
C:/qp-dev/cert-pack/sas.dox:129: warning: explicit link request to 'QTimeEvt' could not be resolved
C:/qp-dev/cert-pack/sas.dox:129: warning: explicit link request to 'QTimeEvt' could not be resolved
C:/qp-dev/cert-pack/sas.dox:135: warning: image file qxk_classes.png is not found in IMAGE_PATH: assuming external image.
C:/qp-dev/cert-pack/sas.dox:136: warning: image file qxk_classes.png is not found in IMAGE_PATH: assuming external image.
C:/qp-dev/cert-pack/sas.dox:138: warning: explicit link request to 'QActive' could not be resolved
C:/qp-dev/cert-pack/sas.dox:140: warning: explicit link request to 'QXThread' could not be resolved
C:/qp-dev/cert-pack/sas.dox:140: warning: explicit link request to 'QActive' could not be resolved
C:/qp-dev/cert-pack/sas.dox:140: warning: explicit link request to 'QXThread' could not be resolved
C:/qp-dev/cert-pack/sas.dox:140: warning: explicit link request to 'QTimeEvt' could not be resolved
C:/qp-dev/cert-pack/sas.dox:142: warning: explicit link request to 'QXMutex' could not be resolved
C:/qp-dev/cert-pack/sas.dox:144: warning: explicit link request to 'QXSemaphore' could not be resolved
C:/qp-dev/cert-pack/sds_sm-cpp.dox:44: warning: unable to resolve reference to 'sm_qhsm_strategy' for \ref command
C:/qp-dev/cert-pack/sds_sm-cpp.dox:44: warning: unable to resolve reference to 'sm_qmsm_strategy' for \ref command
C:/qp-dev/cert-pack/sds_sm-cpp.dox:56: warning: unable to resolve reference to 'classes' for \ref command
C:/qp-dev/cert-pack/sds_sm-cpp.dox:121: warning: unable to resolve reference to 'comp_qep' for \ref command
C:/qp-dev/cert-pack/sds_sm-cpp.dox:121: warning: unable to resolve reference to 'comp_qep' for \ref command
C:/qp-dev/qpcpp/doxygen/history.dox:16: warning: explicit link request to 'QSCtr' could not be resolved
C:/qp-dev/qpcpp/doxygen/history.dox:55: warning: explicit link request to 'Q_EVT_CTOR' could not be resolved
C:/qp-dev/qpcpp/doxygen/history.dox:98: warning: unable to resolve reference to 'srs_qvk' for \ref command
C:/qp-dev/qpcpp/doxygen/history.dox:120: warning: explicit link request to 'QPrioSpec' could not be resolved
C:/qp-dev/qpcpp/doxygen/history.dox:392: warning: explicit link request to 'QS_QF_NEW_ATTEMPT' could not be resolved
C:/qp-dev/qpcpp/doxygen/history.dox:392: warning: explicit link request to 'QS_QF_NEW' could not be resolved
C:/qp-dev/qpcpp/doxygen/history.dox:392: warning: explicit link request to 'QS_QF_MPOOL_GET' could not be resolved
C:/qp-dev/qpcpp/doxygen/history.dox:392: warning: explicit link request to 'QS_QF_NEW' could not be resolved
C:/qp-dev/qpcpp/doxygen/history.dox:392: warning: explicit link request to 'QS_QF_NEW_ATTEMPT' could not be resolved
C:/qp-dev/qpcpp/doxygen/history.dox:395: warning: explicit link request to 'QS_QF_NEW' could not be resolved
C:/qp-dev/qpcpp/doxygen/history.dox:395: warning: explicit link request to 'QS_QF_MPOOL_GET' could not be resolved
C:/qp-dev/qpcpp/doxygen/history.dox:398: warning: unable to resolve reference to 'qxk' for \ref command
C:/qp-dev/qpcpp/doxygen/history.dox:430: warning: explicit link request to 'QS_QF_RUN' could not be resolved
C:/qp-dev/qpcpp/doxygen/history.dox:432: warning: explicit link request to 'QS_TARGET_INFO' could not be resolved
C:/qp-dev/qpcpp/doxygen/history.dox:435: warning: explicit link request to 'QS_QF_RUN' could not be resolved
C:/qp-dev/qpcpp/doxygen/history.dox:440: warning: explicit link request to 'QS_QF_RUN' could not be resolved
C:/qp-dev/qpcpp/doxygen/history.dox:452: warning: explicit link request to 'QS_QF_RUN' could not be resolved
C:/qp-dev/qpcpp/doxygen/history.dox:573: warning: unable to resolve reference to 'QS' for \ref command
C:/qp-dev/qpcpp/doxygen/history.dox:652: warning: unable to resolve reference to 'sm' for \ref command
C:/qp-dev/qpcpp/doxygen/history.dox:786: warning: explicit link request to 'QS_QF_ACTIVE_DEFER' could not be resolved
C:/qp-dev/qpcpp/doxygen/history.dox:786: warning: explicit link request to 'QS_QF_ACTIVE_RECALL_ATTEMPT' could not be resolved
C:/qp-dev/qpcpp/doxygen/history.dox:786: warning: explicit link request to 'QS_QF_NEW_REF' could not be resolved
C:/qp-dev/qpcpp/doxygen/history.dox:804: warning: unable to resolve reference to 'qk' for \ref command
C:/qp-dev/qpcpp/doxygen/history.dox:804: warning: unable to resolve reference to 'qxk' for \ref command
C:/qp-dev/qpcpp/doxygen/history.dox:804: warning: explicit link request to 'QK_ON_CONTEXT_SW' could not be resolved
C:/qp-dev/qpcpp/doxygen/history.dox:804: warning: explicit link request to 'QXK_ON_CONTEXT_SW' could not be resolved
C:/qp-dev/qpcpp/doxygen/history.dox:806: warning: explicit link request to 'QK_ON_CONTEXT_SW' could not be resolved
C:/qp-dev/qpcpp/doxygen/history.dox:895: warning: unable to resolve reference to 'qv' for \ref command
C:/qp-dev/qpcpp/doxygen/history.dox:895: warning: unable to resolve reference to 'qk' for \ref command
C:/qp-dev/qpcpp/doxygen/history.dox:895: warning: unable to resolve reference to 'qxk' for \ref command
C:/qp-dev/qpcpp/doxygen/history.dox:939: warning: unable to resolve reference to 'qxk' for \ref command
C:/qp-dev/qpcpp/doxygen/history.dox:948: warning: unable to resolve reference to 'qk' for \ref command
C:/qp-dev/qpcpp/doxygen/history.dox:1115: warning: unable to resolve reference to 'dpp' for \ref command
C:/qp-dev/qpcpp/doxygen/history.dox:1116: warning: unable to resolve reference to 'arm-cm_dpp_stm32f746g-disco' for \ref command
C:/qp-dev/qpcpp/doxygen/history.dox:1185: warning: unable to resolve reference to 'classes' for \ref command
C:/qp-dev/qpcpp/doxygen/history.dox:1366: warning: unable to resolve reference to 'qxk' for \ref command
C:/qp-dev/qpcpp/doxygen/history.dox:1371: warning: unable to resolve reference to 'qxk' for \ref command
C:/qp-dev/qpcpp/doxygen/history.dox:1535: warning: unable to resolve reference to 'classes' for \ref command
C:/qp-dev/qpcpp/doxygen/history.dox:1560: warning: unable to resolve reference to 'classes' for \ref command
C:/qp-dev/qpcpp/doxygen/history.dox:1582: warning: unable to resolve reference to 'comp_qv' for \ref command
C:/qp-dev/qpcpp/doxygen/history.dox:1582: warning: unable to resolve reference to 'comp_qk' for \ref command
C:/qp-dev/qpcpp/doxygen/history.dox:1590: warning: unable to resolve reference to 'arm7-9' for \ref command
C:/qp-dev/qpcpp/doxygen/history.dox:1590: warning: unable to resolve reference to 'exa_arm7-9' for \ref command
C:/qp-dev/qpcpp/doxygen/history.dox:1590: warning: unable to resolve reference to 'arm7-9' for \ref command
C:/qp-dev/qpcpp/doxygen/history.dox:1720: warning: explicit link request to 'post()' could not be resolved
C:/qp-dev/qpcpp/doxygen/history.dox:1997: warning: explicit link request to 'QS_QF_ACTIVE_POST_ATTEMPT' could not be resolved
C:/qp-dev/qpcpp/doxygen/history.dox:1998: warning: explicit link request to 'QS_QF_EQUEUE_POST_ATTEMPT' could not be resolved
C:/qp-dev/qpcpp/doxygen/history.dox:1998: warning: explicit link request to 'QS_QF_MPOOL_GET_ATTEMPT' could not be resolved
C:/qp-dev/qpcpp/doxygen/history.dox:2341: warning: explicit link request to 'if' could not be resolved
C:/qp-dev/qpcpp/doxygen/history.dox:2492: warning: Unsupported xml/html tag <new> found
C:/qp-dev/qpcpp/doxygen/history.dox:2522: warning: explicit link request to 'QF_TICK' could not be resolved
C:/qp-dev/qpcpp/doxygen/history.dox:2522: warning: explicit link request to 'QF_PUBLISH' could not be resolved
C:/qp-dev/qpcpp/doxygen/history.dox:2522: warning: explicit link request to 'QACTIVE_POST' could not be resolved
C:/qp-dev/qpcpp/doxygen/history.dox:2531: warning: explicit link request to 'QS_U32_HEX_T' could not be resolved
C:/qp-dev/qpcpp/doxygen/history.dox:2614: warning: Unsupported xml/html tag <qpcpp> found
C:/qp-dev/qpcpp/doxygen/history.dox:2621: warning: Unsupported xml/html tag <qpcpp> found
C:/qp-dev/qpcpp/doxygen/history.dox:2865: warning: explicit link request to 'Q_IGNORED()' could not be resolved
C:/qp-dev/qpcpp/doxygen/history.dox:2880: warning: explicit link request to 'QF_FSM_ACTIVE' could not be resolved
C:/qp-dev/qpcpp/doxygen/history.dox:2881: warning: explicit link request to 'QF_ACTIVE_SUPER_' could not be resolved
C:/qp-dev/qpcpp/doxygen/history.dox:2881: warning: explicit link request to 'QF_ACTIVE_STATE_' could not be resolved
C:/qp-dev/qpcpp/doxygen/history.dox:2889: warning: explicit link request to 'QACTIVE_EQUEUE_ONEMPTY_()' could not be resolved
C:/qp-dev/qpcpp/doxygen/exa.dox:31: warning: unable to resolve reference to 'comp_qk' for \ref command
C:/qp-dev/qpcpp/doxygen/exa.dox:53: warning: unable to resolve reference to 'comp_qv' for \ref command
C:/qp-dev/qpcpp/doxygen/exa.dox:55: warning: unable to resolve reference to 'comp_qxk' for \ref command
C:/qp-dev/qpcpp/doxygen/exa.dox:95: warning: unable to resolve reference to 'comp_qk' for \ref command
C:/qp-dev/qpcpp/doxygen/exa.dox:111: warning: unable to resolve reference to 'comp_qv' for \ref command
C:/qp-dev/qpcpp/doxygen/exa.dox:191: warning: unable to resolve reference to 'comp_qv' for \ref command
C:/qp-dev/qpcpp/doxygen/exa.dox:191: warning: unable to resolve reference to 'comp_qk' for \ref command
C:/qp-dev/qpcpp/doxygen/exa.dox:191: warning: unable to resolve reference to 'comp_qxk' for \ref command
C:/qp-dev/qpcpp/doxygen/exa.dox:212: warning: unable to resolve reference to 'exa_apps' for \ref command
C:/qp-dev/qpcpp/doxygen/exa.dox:218: warning: unable to resolve reference to 'game' for \ref command
C:/qp-dev/qpcpp/doxygen/exa.dox:235: warning: unable to resolve reference to 'comp_qs' for \ref command
C:/qp-dev/qpcpp/doxygen/exa.dox:237: warning: unable to resolve reference to 'comp_qs' for \ref command
C:/qp-dev/qpcpp/doxygen/exa.dox:239: warning: unable to resolve reference to 'comp_qs' for \ref command
C:/qp-dev/qpcpp/doxygen/exa.dox:271: warning: unable to resolve reference to 'dpp' for \ref command
C:/qp-dev/qpcpp/doxygen/exa.dox:271: warning: unable to resolve reference to 'game' for \ref command
C:/qp-dev/qpcpp/doxygen/exa.dox:395: warning: unable to resolve reference to 'comp_qs' for \ref command
C:/qp-dev/qpcpp/doxygen/exa.dox:451: warning: unable to resolve reference to 'embos_dpp_stm32f429-discovery' for \ref command
C:/qp-dev/qpcpp/doxygen/exa.dox:457: warning: unable to resolve reference to 'arm-cm_dpp_stm32f746g-disco' for \ref command
C:/qp-dev/qpcpp/doxygen/exa.dox:490: warning: unable to resolve reference to 'arm-cm_dpp_stm32f746g-disco' for \ref command
C:/qp-dev/qpcpp/doxygen/exa.dox:512: warning: unable to resolve reference to 'arm-cm_dpp_stm32f746g-disco' for \ref command
C:/qp-dev/qpcpp/doxygen/exa_native.dox:6: warning: unable to resolve reference to 'comp_qv' for \ref command
C:/qp-dev/qpcpp/doxygen/exa_native.dox:6: warning: unable to resolve reference to 'comp_qk' for \ref command
C:/qp-dev/qpcpp/doxygen/exa_native.dox:95: warning: unable to resolve reference to 'tut_lowr' for \ref command
C:/qp-dev/qpcpp/doxygen/exa_native.dox:120: warning: unable to resolve reference to 'blinky' for \ref command
C:/qp-dev/qpcpp/doxygen/exa_native.dox:187: warning: unable to resolve reference to 'blinky' for \ref command
C:/qp-dev/qpcpp/doxygen/exa_native.dox:252: warning: unable to resolve reference to 'dpp' for \ref command
C:/qp-dev/qpcpp/doxygen/exa_native.dox:346: warning: unable to resolve reference to 'dpp' for \ref command
C:/qp-dev/qpcpp/doxygen/exa_native.dox:351: warning: unable to resolve reference to 'qv' for \ref command
C:/qp-dev/qpcpp/doxygen/exa_native.dox:351: warning: unable to resolve reference to 'qk' for \ref command
C:/qp-dev/qpcpp/doxygen/exa_native.dox:351: warning: unable to resolve reference to 'qxk' for \ref command
C:/qp-dev/qpcpp/doxygen/exa_native.dox:440: warning: unable to resolve reference to 'dpp' for \ref command
C:/qp-dev/qpcpp/doxygen/exa_native.dox:443: warning: unable to resolve reference to 'qv' for \ref command
C:/qp-dev/qpcpp/doxygen/exa_native.dox:444: warning: unable to resolve reference to 'qk' for \ref command
C:/qp-dev/qpcpp/doxygen/exa_native.dox:445: warning: unable to resolve reference to 'qxk' for \ref command
C:/qp-dev/qpcpp/doxygen/exa_native.dox:458: warning: unable to resolve reference to 'dpp' for \ref command
C:/qp-dev/qpcpp/doxygen/exa_native.dox:461: warning: unable to resolve reference to 'qv' for \ref command
C:/qp-dev/qpcpp/doxygen/exa_native.dox:462: warning: unable to resolve reference to 'qk' for \ref command
C:/qp-dev/qpcpp/doxygen/exa_native.dox:472: warning: unable to resolve reference to 'dpp' for \ref command
C:/qp-dev/qpcpp/doxygen/exa_native.dox:477: warning: unable to resolve reference to 'qv' for \ref command
C:/qp-dev/qpcpp/doxygen/exa_native.dox:478: warning: unable to resolve reference to 'qk' for \ref command
C:/qp-dev/qpcpp/doxygen/exa_native.dox:479: warning: unable to resolve reference to 'qxk' for \ref command
C:/qp-dev/qpcpp/doxygen/exa_native.dox:522: warning: unable to resolve reference to 'dpp' for \ref command
C:/qp-dev/qpcpp/doxygen/exa_native.dox:525: warning: unable to resolve reference to 'qv' for \ref command
C:/qp-dev/qpcpp/doxygen/exa_native.dox:526: warning: unable to resolve reference to 'qk' for \ref command
C:/qp-dev/qpcpp/doxygen/exa_native.dox:527: warning: unable to resolve reference to 'qxk' for \ref command
C:/qp-dev/qpcpp/doxygen/exa_native.dox:541: warning: unable to resolve reference to 'dpp' for \ref command
C:/qp-dev/qpcpp/doxygen/exa_native.dox:544: warning: unable to resolve reference to 'qv' for \ref command
C:/qp-dev/qpcpp/doxygen/exa_native.dox:545: warning: unable to resolve reference to 'qk' for \ref command
C:/qp-dev/qpcpp/doxygen/exa_native.dox:546: warning: unable to resolve reference to 'qxk' for \ref command
C:/qp-dev/qpcpp/doxygen/exa_native.dox:572: warning: unable to resolve reference to 'blinky' for \ref command
C:/qp-dev/qpcpp/doxygen/exa_rtos.dox:40: warning: unable to resolve reference to 'dpp' for \ref command
C:/qp-dev/qpcpp/doxygen/exa_rtos.dox:46: warning: unable to resolve reference to 'dpp' for \ref command
C:/qp-dev/qpcpp/doxygen/exa_rtos.dox:107: warning: unable to resolve reference to 'dpp' for \ref command
C:/qp-dev/qpcpp/doxygen/exa_rtos.dox:136: warning: unable to resolve reference to 'dpp' for \ref command
C:/qp-dev/qpcpp/doxygen/exa_rtos.dox:164: warning: unable to resolve reference to 'dpp' for \ref command
C:/qp-dev/qpcpp/doxygen/exa_rtos.dox:277: warning: unable to resolve reference to 'dpp' for \ref command
C:/qp-dev/qpcpp/doxygen/exa_rtos.dox:292: warning: unable to resolve reference to 'dpp' for \ref command
C:/qp-dev/qpcpp/doxygen/ports.dox:10: warning: unable to resolve reference to 'qv' for \ref command
C:/qp-dev/qpcpp/doxygen/ports.dox:10: warning: unable to resolve reference to 'qk' for \ref command
C:/qp-dev/qpcpp/doxygen/ports.dox:10: warning: unable to resolve reference to 'qxk' for \ref command
C:/qp-dev/qpcpp/doxygen/ports.dox:29: warning: unable to resolve reference to 'qk' for \ref command
C:/qp-dev/qpcpp/doxygen/ports.dox:41: warning: unable to resolve reference to 'qv' for \ref command
C:/qp-dev/qpcpp/doxygen/ports.dox:53: warning: unable to resolve reference to 'qxk' for \ref command
C:/qp-dev/qpcpp/doxygen/ports.dox:109: warning: unable to resolve reference to 'comp_qk' for \ref command
C:/qp-dev/qpcpp/doxygen/ports.dox:109: warning: unable to resolve reference to 'comp_qv' for \ref command
C:/qp-dev/qpcpp/doxygen/ports_native.dox:9: warning: unable to resolve reference to 'arm-cr_qv' for \ref command
C:/qp-dev/qpcpp/doxygen/ports_native.dox:10: warning: unable to resolve reference to 'arm-cr_qk' for \ref command
C:/qp-dev/qpcpp/doxygen/ports_native.dox:12: warning: unable to resolve reference to 'msp430_qv' for \ref command
C:/qp-dev/qpcpp/doxygen/ports_native.dox:13: warning: unable to resolve reference to 'msp430_qk' for \ref command
C:/qp-dev/qpcpp/doxygen/ports_arm-cm.dox:620: warning: lonely <li> tag found
C:/qp-dev/qpcpp/doxygen/ports_arm-cm.dox:623: warning: lonely <li> tag found
C:/qp-dev/qpcpp/doxygen/ports_arm-cm.dox:626: warning: lonely <li> tag found
C:/qp-dev/qpcpp/doxygen/ports_arm-cm.dox:637: warning: unable to resolve reference to 'qk' for \ref command
C:/qp-dev/qpcpp/doxygen/ports_arm-cm.dox:637: warning: unable to resolve reference to 'qk' for \ref command
C:/qp-dev/qpcpp/doxygen/ports_arm-cm.dox:979: warning: lonely <li> tag found
C:/qp-dev/qpcpp/doxygen/ports_arm-cm.dox:984: warning: lonely <li> tag found
C:/qp-dev/qpcpp/doxygen/ports_arm-cm.dox:1296: warning: image file name arm-cm_qk_test-ccs.png is ambiguous.
Possible candidates:
   C:/qp-dev/ql-doxygen/images/arm-cm_qk_test-ccs.png
   C:/qp-dev/cert-pack/images/arm-cm_qk_test-ccs.png

C:/qp-dev/qpcpp/doxygen/ports_arm-cm.dox:1302: warning: unable to resolve reference to 'arm-cm_qk-synch-fig' for \ref command
C:/qp-dev/qpcpp/doxygen/ports_arm-cm.dox:1353: warning: unable to resolve reference to 'qxk' for \ref command
C:/qp-dev/qpcpp/doxygen/ports_rtos.dox:11: warning: unable to resolve reference to 'comp_qk' for \ref command
C:/qp-dev/qpcpp/doxygen/ports_rtos.dox:14: warning: unable to resolve reference to 'srs_qxk_basic' for \ref command
C:/qp-dev/qpcpp/doxygen/ports_rtos.dox:14: warning: unable to resolve reference to 'srs_qxk_extended' for \ref command
C:/qp-dev/qpcpp/doxygen/ports_rtos.dox:71: warning: explicit link request to 'QMPool' could not be resolved
C:/qp-dev/qpcpp/doxygen/ports_rtos.dox:277: warning: explicit link request to 'QMPool' could not be resolved
C:/qp-dev/qpcpp/doxygen/ports_os.dox:53: warning: unable to resolve reference to 'qv' for \ref command
C:/qp-dev/qpcpp/doxygen/api.dox:43: warning: explicit link request to 'QSubscrList' could not be resolved
C:/qp-dev/qpcpp/doxygen/api.dox:129: warning: explicit link request to 'QS_USER' could not be resolved
C:/qp-dev/qpcpp/doxygen/api.dox:177: warning: unable to resolve reference to 'qk' for \ref command
C:/qp-dev/qpcpp/include/qf.hpp:823: warning: QP::QActive::unregister_ has @param documentation sections but no arguments
C:/qp-dev/qpcpp/src/qf/qf_mem.cpp:172: warning: unable to resolve reference to 'PQP18_3' for \ref command
C:/qp-dev/qpcpp/include/qep.hpp:824: warning: explicit link request to 'Q_RET_INIT' could not be resolved
C:/qp-dev/qpcpp/include/qxk.hpp:548: warning: unable to resolve reference to 'QPP::QActive' for \ref command
C:/qp-dev/qpcpp/include/qxk.hpp:556: warning: unable to resolve reference to 'srs_qxk_schedLock()' for \ref command
C:/qp-dev/qpcpp/include/qxk.hpp:557: warning: unable to resolve reference to 'srs_qxk_schedLock()' for \ref command
C:/qp-dev/qpcpp/doxygen/api.dox:312: warning: unable to resolve reference to 'qs' for \ref command
C:/qp-dev/qpcpp/doxygen/api.dox:275: warning: unable to resolve reference to 'qs' for \ref command
C:/qp-dev/qpcpp/doxygen/main.dox:19: warning: unable to resolve reference to 'tr' for \ref command
C:/qp-dev/qpcpp/doxygen/main.dox:62: warning: unable to resolve reference to 'tr' for \ref command
C:/qp-dev/qpcpp/doxygen/api.dox:312: warning: unable to resolve reference to 'qs' for \ref command
