C:/qp-dev/qpc/src/qf/qf_mem.c:154: warning: unable to resolve reference to 'PQP18_3' for \ref command
C:/qp-dev/cert-pack/srs.dox:329: warning: unable to resolve reference to 'src_sm_impl' for \ref command
C:/qp-dev/cert-pack/srs.dox:335: warning: unable to resolve reference to 'srs_intro_inv' for \ref command
C:/qp-dev/cert-pack/srs.dox:415: warning: unable to resolve reference to 'srs_5' for \ref command
C:/qp-dev/cert-pack/srs.dox:503: warning: unable to resolve reference to 'srs_5' for \ref command
C:/qp-dev/cert-pack/srs.dox:529: warning: unable to resolve reference to 'srs_5' for \ref command
C:/qp-dev/cert-pack/srs.dox:1001: warning: unable to resolve reference to 'srs_qxk_basic' for \ref command
C:/qp-dev/cert-pack/srs.dox:1001: warning: unable to resolve reference to 'srs_qxk_extended' for \ref command
C:/qp-dev/cert-pack/srs.dox:1003: warning: unable to resolve reference to 'srs_qxk_basic' for \ref command
C:/qp-dev/cert-pack/srs.dox:1003: warning: unable to resolve reference to 'srs_qxk_extended' for \ref command
C:/qp-dev/cert-pack/srs.dox:1023: warning: unable to resolve reference to 'srs_qxk_activate_()' for \ref command
C:/qp-dev/cert-pack/srs.dox:1023: warning: unable to resolve reference to 'srs_qxk_extended' for \ref command
C:/qp-dev/cert-pack/srs.dox:1081: warning: unable to resolve reference to 'srs_qxk_tls' for \ref command
C:/qp-dev/cert-pack/sas.dox:36: warning: unexpected token TK_EOF as the argument of ref
C:/qp-dev/cert-pack/sas.dox:107: warning: unable to resolve reference to 'game' for \ref command
C:/qp-dev/cert-pack/sds_sm-c.dox:44: warning: unable to resolve reference to 'sm_qhsm_strategy' for \ref command
C:/qp-dev/cert-pack/sds_sm-c.dox:44: warning: unable to resolve reference to 'sm_qmsm_strategy' for \ref command
C:/qp-dev/cert-pack/sds_sm-c.dox:48: warning: unable to resolve reference to 'classes' for \ref command
C:/qp-dev/cert-pack/sds_sm-c.dox:90: warning: unable to resolve reference to 'comp_qep' for \ref command
C:/qp-dev/cert-pack/sds_sm-c.dox:90: warning: unable to resolve reference to 'QP::QHsm::tran()' for \ref command
C:/qp-dev/cert-pack/sds_sm-c.dox:90: warning: unable to resolve reference to 'comp_qep' for \ref command
C:/qp-dev/cert-pack/misra.dox:75: warning: unable to resolve reference to 'misra_pclp-c99' for \ref command
C:/qp-dev/cert-pack/misra.dox:126: warning: unable to resolve reference to 'misra_10' for \ref command
C:/qp-dev/cert-pack/misra.dox:268: warning: unable to resolve reference to 'misra_dev' for \ref command
C:/qp-dev/cert-pack/misra.dox:335: warning: unable to resolve reference to 'tr_uid' for \ref command
C:/qp-dev/cert-pack/misra.dox:342: warning: unable to resolve reference to 'tr_uid' for \ref command
C:/qp-dev/cert-pack/misra.dox:352: warning: unable to resolve reference to 'tr_uid' for \ref command
C:/qp-dev/cert-pack/misra.dox:751: warning: explicit link request to 'Q_this_module_' could not be resolved
C:/qp-dev/cert-pack/misra.dox:753: warning: explicit link request to 'Q_this_module_' could not be resolved
C:/qp-dev/qpc/doxygen/history.dox:53: warning: explicit link request to 'Q_SIGNAL_SIZE' could not be resolved
C:/qp-dev/qpc/doxygen/history.dox:57: warning: explicit link request to 'Q_EVT_CTOR' could not be resolved
C:/qp-dev/qpc/doxygen/history.dox:100: warning: unable to resolve reference to 'srs_qvk' for \ref command
C:/qp-dev/qpc/doxygen/history.dox:219: warning: explicit link request to 'QF_ON_CONTEXT_SW' could not be resolved
C:/qp-dev/qpc/doxygen/history.dox:401: warning: unable to resolve reference to 'srs_qxk_extended' for \ref command
C:/qp-dev/qpc/doxygen/history.dox:551: warning: unable to resolve reference to 'qs' for \ref command
C:/qp-dev/qpc/doxygen/history.dox:767: warning: explicit link request to 'QK_ON_CONTEXT_SW' could not be resolved
C:/qp-dev/qpc/doxygen/history.dox:767: warning: explicit link request to 'QXK_ON_CONTEXT_SW' could not be resolved
C:/qp-dev/qpc/doxygen/history.dox:769: warning: explicit link request to 'QK_ON_CONTEXT_SW' could not be resolved
C:/qp-dev/qpc/doxygen/history.dox:769: warning: explicit link request to 'QXK_ON_CONTEXT_SW' could not be resolved
C:/qp-dev/qpc/doxygen/history.dox:963: warning: unable to resolve reference to 'srs_qxk_tls' for \ref command
C:/qp-dev/qpc/doxygen/history.dox:1089: warning: unable to resolve reference to 'dpp' for \ref command
C:/qp-dev/qpc/doxygen/history.dox:1090: warning: unable to resolve reference to 'arm-cm_dpp_stm32f746g-disco' for \ref command
C:/qp-dev/qpc/doxygen/history.dox:1127: warning: explicit link request to 'QF_BASEPRI' could not be resolved
C:/qp-dev/qpc/doxygen/history.dox:1152: warning: unable to resolve reference to 'classes' for \ref command
C:/qp-dev/qpc/doxygen/history.dox:1302: warning: explicit link request to 'QF_SCHED_STAT_TYPE_' could not be resolved
C:/qp-dev/qpc/doxygen/history.dox:1481: warning: explicit link request to 'WIN32_GUI' could not be resolved
C:/qp-dev/qpc/doxygen/history.dox:1501: warning: unable to resolve reference to 'classes' for \ref command
C:/qp-dev/qpc/doxygen/history.dox:1550: warning: unable to resolve reference to 'comp_qv' for \ref command
C:/qp-dev/qpc/doxygen/history.dox:1550: warning: unable to resolve reference to 'comp_qk' for \ref command
C:/qp-dev/qpc/doxygen/history.dox:1558: warning: unable to resolve reference to 'exa_arm7-9' for \ref command
C:/qp-dev/qpc/doxygen/history.dox:1560: warning: unable to resolve reference to 'avr' for \ref command
C:/qp-dev/qpc/doxygen/history.dox:1560: warning: unable to resolve reference to 'exa_avr' for \ref command
C:/qp-dev/qpc/doxygen/history.dox:1560: warning: unable to resolve reference to 'exa_avr' for \ref command
C:/qp-dev/qpc/doxygen/history.dox:1564: warning: unable to resolve reference to 'cmsis-rtx' for \ref command
C:/qp-dev/qpc/doxygen/history.dox:1574: warning: Found unknown command '@win32'
C:/qp-dev/qpc/doxygen/history.dox:2388: warning: explicit link request to 'if' could not be resolved
C:/qp-dev/qpc/doxygen/history.dox:2553: warning: explicit link request to 'QS_U32_HEX_T' could not be resolved
C:/qp-dev/qpc/doxygen/history.dox:2634: warning: Unsupported xml/html tag <qpc> found
C:/qp-dev/qpc/doxygen/history.dox:2641: warning: Unsupported xml/html tag <qpc> found
C:/qp-dev/qpc/doxygen/history.dox:2873: warning: explicit link request to 'Q_IGNORED()' could not be resolved
C:/qp-dev/qpc/doxygen/history.dox:2876: warning: explicit link request to 'XXX_onYYY()' could not be resolved
C:/qp-dev/qpc/doxygen/exa.dox:68: warning: unable to resolve reference to 'comp_qv' for \ref command
C:/qp-dev/qpc/doxygen/exa.dox:68: warning: unable to resolve reference to 'comp_qk' for \ref command
C:/qp-dev/qpc/doxygen/exa.dox:68: warning: unable to resolve reference to 'comp_qxk' for \ref command
C:/qp-dev/qpc/doxygen/exa.dox:94: warning: unable to resolve reference to 'game' for \ref command
C:/qp-dev/qpc/doxygen/exa.dox:111: warning: unable to resolve reference to 'comp_qs' for \ref command
C:/qp-dev/qpc/doxygen/exa.dox:113: warning: unable to resolve reference to 'comp_qs' for \ref command
C:/qp-dev/qpc/doxygen/exa.dox:115: warning: unable to resolve reference to 'comp_qs' for \ref command
C:/qp-dev/qpc/doxygen/exa.dox:147: warning: unable to resolve reference to 'dpp' for \ref command
C:/qp-dev/qpc/doxygen/exa.dox:147: warning: unable to resolve reference to 'game' for \ref command
C:/qp-dev/qpc/doxygen/exa.dox:275: warning: unable to resolve reference to 'comp_qs' for \ref command
C:/qp-dev/qpc/doxygen/exa.dox:344: warning: unable to resolve reference to 'embos_dpp_stm32f429-discovery' for \ref command
C:/qp-dev/qpc/doxygen/exa.dox:352: warning: unable to resolve reference to 'arm-cm_dpp_stm32f746g-disco' for \ref command
C:/qp-dev/qpc/doxygen/exa.dox:391: warning: unable to resolve reference to 'arm-cm_dpp_stm32f746g-disco' for \ref command
C:/qp-dev/qpc/doxygen/exa.dox:413: warning: unable to resolve reference to 'arm-cm_dpp_stm32f746g-disco' for \ref command
C:/qp-dev/qpc/doxygen/exa_native.dox:4: warning: unable to resolve reference to 'comp_qv' for \ref command
C:/qp-dev/qpc/doxygen/exa_native.dox:4: warning: unable to resolve reference to 'comp_qk' for \ref command
C:/qp-dev/qpc/doxygen/exa_native.dox:15: warning: unable to resolve reference to 'exa_arm7-9' for \ref command
C:/qp-dev/qpc/doxygen/exa_native.dox:134: warning: unable to resolve reference to 'blinky' for \ref command
C:/qp-dev/qpc/doxygen/exa_native.dox:202: warning: unable to resolve reference to 'blinky' for \ref command
C:/qp-dev/qpc/doxygen/exa_native.dox:271: warning: unable to resolve reference to 'dpp' for \ref command
C:/qp-dev/qpc/doxygen/exa_native.dox:368: warning: unable to resolve reference to 'dpp' for \ref command
C:/qp-dev/qpc/doxygen/exa_native.dox:459: warning: Found unknown command '@captionAdding'
C:/qp-dev/qpc/doxygen/exa_native.dox:472: warning: unable to resolve reference to 'dpp' for \ref command
C:/qp-dev/qpc/doxygen/exa_native.dox:493: warning: unable to resolve reference to 'dpp' for \ref command
C:/qp-dev/qpc/doxygen/exa_native.dox:509: warning: unable to resolve reference to 'dpp' for \ref command
C:/qp-dev/qpc/doxygen/exa_native.dox:569: warning: unable to resolve reference to 'dpp' for \ref command
C:/qp-dev/qpc/doxygen/exa_native.dox:591: warning: unable to resolve reference to 'dpp' for \ref command
C:/qp-dev/qpc/doxygen/exa_native.dox:629: warning: unable to resolve reference to 'blinky' for \ref command
C:/qp-dev/qpc/doxygen/exa_rtos.dox:38: warning: unable to resolve reference to 'dpp' for \ref command
C:/qp-dev/qpc/doxygen/exa_rtos.dox:44: warning: unable to resolve reference to 'dpp' for \ref command
C:/qp-dev/qpc/doxygen/exa_rtos.dox:105: warning: unable to resolve reference to 'dpp' for \ref command
C:/qp-dev/qpc/doxygen/exa_rtos.dox:134: warning: unable to resolve reference to 'dpp' for \ref command
C:/qp-dev/qpc/doxygen/exa_rtos.dox:162: warning: unable to resolve reference to 'dpp' for \ref command
C:/qp-dev/qpc/doxygen/exa_rtos.dox:275: warning: unable to resolve reference to 'dpp' for \ref command
C:/qp-dev/qpc/doxygen/exa_rtos.dox:290: warning: unable to resolve reference to 'dpp' for \ref command
C:/qp-dev/qpc/doxygen/ports.dox:52: warning: unable to resolve reference to 'comp_qk' for \ref command
C:/qp-dev/qpc/doxygen/ports.dox:52: warning: unable to resolve reference to 'comp_qv' for \ref command
C:/qp-dev/qpc/doxygen/ports_native.dox:9: warning: unable to resolve reference to 'arm-cr_qv' for \ref command
C:/qp-dev/qpc/doxygen/ports_native.dox:10: warning: unable to resolve reference to 'arm-cr_qk' for \ref command
C:/qp-dev/qpc/doxygen/ports_native.dox:12: warning: unable to resolve reference to 'arm7-9_qv' for \ref command
C:/qp-dev/qpc/doxygen/ports_native.dox:13: warning: unable to resolve reference to 'arm7-9_qk' for \ref command
C:/qp-dev/qpc/doxygen/ports_native.dox:15: warning: unable to resolve reference to 'msp430_qv' for \ref command
C:/qp-dev/qpc/doxygen/ports_native.dox:16: warning: unable to resolve reference to 'msp430_qk' for \ref command
C:/qp-dev/qpc/doxygen/ports_arm-cm.dox:1176: warning: image file name arm-cm_qk_test-ccs.png is ambiguous.
Possible candidates:
   C:/qp-dev/qpc/doxygen/images/arm-cm_qk_test-ccs.png
   C:/qp-dev/ql-doxygen/images/arm-cm_qk_test-ccs.png
   C:/qp-dev/cert-pack/images/arm-cm_qk_test-ccs.png

C:/qp-dev/qpc/doxygen/ports_arm-cm.dox:1182: warning: unable to resolve reference to 'arm-cm_qk-synch-fig' for \ref command
C:/qp-dev/qpc/doxygen/ports_arm-cm.dox:1232: warning: unable to resolve reference to 'srs_qxk_basic' for \ref command
C:/qp-dev/qpc/doxygen/ports_arm-cm.dox:1232: warning: unable to resolve reference to 'srs_qxk_extended' for \ref command
C:/qp-dev/qpc/doxygen/ports_arm-cm.dox:1237: warning: unable to resolve reference to 'srs_qxk_basic' for \ref command
C:/qp-dev/qpc/doxygen/ports_arm-cm.dox:1237: warning: unable to resolve reference to 'srs_qxk_extended' for \ref command
C:/qp-dev/qpc/doxygen/ports_arm-cm.dox:1245: warning: unable to resolve reference to 'srs_qxk_basic' for \ref command
C:/qp-dev/qpc/doxygen/ports_arm-cm.dox:1247: warning: unable to resolve reference to 'srs_qxk_extended' for \ref command
C:/qp-dev/qpc/doxygen/ports_rtos.dox:10: warning: unable to resolve reference to 'comp_qk' for \ref command
C:/qp-dev/qpc/doxygen/ports_rtos.dox:13: warning: unable to resolve reference to 'srs_qxk_basic' for \ref command
C:/qp-dev/qpc/doxygen/ports_rtos.dox:13: warning: unable to resolve reference to 'srs_qxk_extended' for \ref command
C:/qp-dev/qpc/include/qf.h:446: warning: The following parameter of QActive::QActive_start_(QActive *const me, QPrioSpec const prioSpec, QEvt const **const qSto, uint_fast16_t const qLen, void *const stkSto, uint_fast16_t const stkSize, void const *const par) is not documented:
  parameter 'me'
C:/qp-dev/qpc/include/qf.h:520: warning: included file qf_post.cpp is not found. Check your EXAMPLE_PATH
C:/qp-dev/qpc/include/qf.h:492: warning: The following parameter of QActive::QActive_post_(QActive *const me, QEvt const *const e, uint_fast16_t const margin, void const *const sender) is not documented:
  parameter 'me'
C:/qp-dev/qpc/include/qf.h:530: warning: The following parameter of QActive::QActive_postLIFO_(QActive *const me, QEvt const *const e) is not documented:
  parameter 'me'
C:/qp-dev/qpc/include/qf.h:590: warning: included file qf_subscribe.cpp is not found. Check your EXAMPLE_PATH
C:/qp-dev/qpc/include/qf.h:577: warning: The following parameter of QActive::QActive_subscribe(QActive const *const me, enum_t const sig) is not documented:
  parameter 'me'
C:/qp-dev/qpc/include/qf.h:599: warning: The following parameter of QActive::QActive_unsubscribe(QActive const *const me, enum_t const sig) is not documented:
  parameter 'me'
C:/qp-dev/qpc/include/qf.h:703: warning: The following parameter of QActive::QActive_defer(QActive const *const me, QEQueue *const eq, QEvt const *const e) is not documented:
  parameter 'me'
C:/qp-dev/qpc/include/qf.h:732: warning: The following parameter of QActive::QActive_recall(QActive *const me, QEQueue *const eq) is not documented:
  parameter 'me'
C:/qp-dev/qpc/include/qf.h:758: warning: The following parameter of QActive::QActive_flushDeferred(QActive const *const me, QEQueue *const eq) is not documented:
  parameter 'me'
C:/qp-dev/qpc/include/qequeue.h:210: warning: The following parameter of QEQueue::QEQueue_post(QEQueue *const me, QEvt const *const e, uint_fast16_t const margin, uint_fast8_t const qs_id) is not documented:
  parameter 'qs_id'
C:/qp-dev/qpc/include/qequeue.h:240: warning: The following parameter of QEQueue::QEQueue_postLIFO(QEQueue *const me, QEvt const *const e, uint_fast8_t const qs_id) is not documented:
  parameter 'qs_id'
C:/qp-dev/qpc/include/qequeue.h:268: warning: The following parameter of QEQueue::QEQueue_get(QEQueue *const me, uint_fast8_t const qs_id) is not documented:
  parameter 'qs_id'
C:/qp-dev/qpc/include/qequeue.h:327: warning: argument 'me_' of command @param is not found in the argument list of QEQueue::QEQueue_isEmpty(QEQueue const *const me)
C:/qp-dev/qpc/include/qequeue.h:327: warning: The following parameter of QEQueue::QEQueue_isEmpty(QEQueue const *const me) is not documented:
  parameter 'me'
C:/qp-dev/qpc/include/qep.h:541: warning: The following parameter of QHsm::QHsm_tran_(QHsm *const me, QStateHandler *const path, uint_fast8_t const qs_id) is not documented:
  parameter 'me'
C:/qp-dev/qpc/include/qep.h:559: warning: The following parameter of QHsm::QHsm_state_entry_(QHsm *const me, QStateHandler const state, uint_fast8_t const qs_id) is not documented:
  parameter 'me'
C:/qp-dev/qpc/include/qep.h:570: warning: The following parameter of QHsm::QHsm_state_exit_(QHsm *const me, QStateHandler const state, uint_fast8_t const qs_id) is not documented:
  parameter 'me'
C:/qp-dev/qpc/src/qf/qep_hsm.c:84: warning: The following parameter of QHsm::QHsm_reservedEvt_(QHsm *const me, QStateHandler const state, enum QReservedSig const sig) is not documented:
  parameter 'me'
C:/qp-dev/qpc/include/qmpool.h:215: warning: The following parameter of QMPool::QMPool_get(QMPool *const me, uint_fast16_t const margin, uint_fast8_t const qs_id) is not documented:
  parameter 'qs_id'
C:/qp-dev/qpc/include/qmpool.h:253: warning: The following parameter of QMPool::QMPool_put(QMPool *const me, void *const b, uint_fast8_t const qs_id) is not documented:
  parameter 'qs_id'
C:/qp-dev/qpc/include/qxk.h:695: warning: unable to resolve reference to 'srs_qxk_schedLock()' for \ref command
C:/qp-dev/qpc/include/qxk.h:696: warning: unable to resolve reference to 'srs_qxk_schedLock()' for \ref command
C:/qp-dev/qpc/include/qxk.h:373: warning: argument 'prio' of command @param is not found in the argument list of QXThread::QXThread_start_(QActive *const me, QPrioSpec const prioSpec, QEvt const **const qSto, uint_fast16_t const qLen, void *const stkSto, uint_fast16_t const stkSize, void const *const par)
C:/qp-dev/qpc/include/qxk.h:373: warning: The following parameter of QXThread::QXThread_start_(QActive *const me, QPrioSpec const prioSpec, QEvt const **const qSto, uint_fast16_t const qLen, void *const stkSto, uint_fast16_t const stkSize, void const *const par) is not documented:
  parameter 'prioSpec'
